--- GERENCIADOR INICIADO COM SUCESSO ---
 Arquivo 'documento_teste_erros_contradicoes_OyQS7E1.docx' copiado para a pasta 'C:\Users\Danilo\Downloads\dossel_project\media\entrada'.

 Documento a processar: documento_teste_erros_contradicoes_OyQS7E1.docx
 Modo de revisão: completa
 E-mail destino: n.danilo@dosselambiental.com.br
 Progresso atualizado para: 5% (ID da Revisão: 52)

 Iniciando processamento de 'Processador_Unificado.py' para o documento 'documento_teste_erros_contradicoes_OyQS7E1.docx'.

 Executando: C:\Users\Danilo\Downloads\dossel_project\venv\scripts\python.exe -u Scripts\Processador_Unificado.py documento_teste_erros_contradicoes_OyQS7E1.docx --id_revisao 52

 Iniciando processamento completo para: documento_teste_erros_contradicoes_OyQS7E1.docx
  FASE 0: Mapeando contedo e etiquetando origens (verso completa)...
  Mapeando contedo de tabelas...
  Mapeando contedo de cabealhos e rodaps...
  Mapeamento concludo. 52 itens de contedo etiquetados (incluindo tabelas, cabealhos e rodaps).
  FASE 3: Verificao Cruzada de Citaes iniciada.

--- INICIANDO FASE 4: Anlise Global e Multimodal (MODO SEM TQDM) ---
FASE 4: Total de 52 itens a serem analisados para extrao de fatos/imagens.
FASE 4 (Extrao): Processando item 1/52. Origem: Pargrafo 1
FASE 4 (Extrao): Processando item 2/52. Origem: Pargrafo 2
FASE 4 (Extrao): Processando item 3/52. Origem: Pargrafo 3
FASE 4 (Extrao): Processando item 4/52. Origem: Pargrafo 4
FASE 4 (Extrao): Processando item 5/52. Origem: Pargrafo 5
FASE 4 (Extrao): Processando item 6/52. Origem: Pargrafo 6
FASE 4 (Extrao): Processando item 7/52. Origem: Pargrafo 7
FASE 4 (Extrao): Processando item 8/52. Origem: Pargrafo 8
FASE 4 (Extrao): Processando item 9/52. Origem: Pargrafo 9
FASE 4 (Extrao): Processando item 10/52. Origem: Pargrafo 10
FASE 4 (Extrao): Processando item 11/52. Origem: Pargrafo 11
FASE 4 (Extrao): Processando item 12/52. Origem: Pargrafo 12
FASE 4 (Extrao): Processando item 13/52. Origem: Tabela 1, Linha 1, Coluna 1
FASE 4 (Extrao): Processando item 14/52. Origem: Tabela 1, Linha 1, Coluna 2
FASE 4 (Extrao): Processando item 15/52. Origem: Tabela 1, Linha 1, Coluna 3
FASE 4 (Extrao): Processando item 16/52. Origem: Tabela 1, Linha 1, Coluna 4
FASE 4 (Extrao): Processando item 17/52. Origem: Tabela 1, Linha 2, Coluna 1
FASE 4 (Extrao): Processando item 18/52. Origem: Tabela 1, Linha 2, Coluna 2
FASE 4 (Extrao): Processando item 19/52. Origem: Tabela 1, Linha 2, Coluna 3
FASE 4 (Extrao): Processando item 20/52. Origem: Tabela 1, Linha 2, Coluna 4
FASE 4 (Extrao): Processando item 21/52. Origem: Tabela 1, Linha 3, Coluna 1
FASE 4 (Extrao): Processando item 22/52. Origem: Tabela 1, Linha 3, Coluna 2
FASE 4 (Extrao): Processando item 23/52. Origem: Tabela 1, Linha 3, Coluna 3
FASE 4 (Extrao): Processando item 24/52. Origem: Tabela 1, Linha 3, Coluna 4
FASE 4 (Extrao): Processando item 25/52. Origem: Tabela 1, Linha 4, Coluna 1
FASE 4 (Extrao): Processando item 26/52. Origem: Tabela 1, Linha 4, Coluna 2
FASE 4 (Extrao): Processando item 27/52. Origem: Tabela 1, Linha 4, Coluna 3
FASE 4 (Extrao): Processando item 28/52. Origem: Tabela 1, Linha 4, Coluna 4
FASE 4 (Extrao): Processando item 29/52. Origem: Tabela 1, Linha 5, Coluna 1
FASE 4 (Extrao): Processando item 30/52. Origem: Tabela 1, Linha 5, Coluna 2
FASE 4 (Extrao): Processando item 31/52. Origem: Tabela 1, Linha 5, Coluna 3
FASE 4 (Extrao): Processando item 32/52. Origem: Tabela 1, Linha 5, Coluna 4
FASE 4 (Extrao): Processando item 33/52. Origem: Tabela 2, Linha 1, Coluna 1
FASE 4 (Extrao): Processando item 34/52. Origem: Tabela 2, Linha 1, Coluna 2
FASE 4 (Extrao): Processando item 35/52. Origem: Tabela 2, Linha 1, Coluna 3
FASE 4 (Extrao): Processando item 36/52. Origem: Tabela 2, Linha 1, Coluna 4
FASE 4 (Extrao): Processando item 37/52. Origem: Tabela 2, Linha 2, Coluna 1
FASE 4 (Extrao): Processando item 38/52. Origem: Tabela 2, Linha 2, Coluna 2
FASE 4 (Extrao): Processando item 39/52. Origem: Tabela 2, Linha 2, Coluna 3
FASE 4 (Extrao): Processando item 40/52. Origem: Tabela 2, Linha 2, Coluna 4
FASE 4 (Extrao): Processando item 41/52. Origem: Tabela 2, Linha 3, Coluna 1
FASE 4 (Extrao): Processando item 42/52. Origem: Tabela 2, Linha 3, Coluna 2
FASE 4 (Extrao): Processando item 43/52. Origem: Tabela 2, Linha 3, Coluna 3
FASE 4 (Extrao): Processando item 44/52. Origem: Tabela 2, Linha 3, Coluna 4
FASE 4 (Extrao): Processando item 45/52. Origem: Tabela 2, Linha 4, Coluna 1
FASE 4 (Extrao): Processando item 46/52. Origem: Tabela 2, Linha 4, Coluna 2
FASE 4 (Extrao): Processando item 47/52. Origem: Tabela 2, Linha 4, Coluna 3
FASE 4 (Extrao): Processando item 48/52. Origem: Tabela 2, Linha 4, Coluna 4
FASE 4 (Extrao): Processando item 49/52. Origem: Tabela 2, Linha 5, Coluna 1
FASE 4 (Extrao): Processando item 50/52. Origem: Tabela 2, Linha 5, Coluna 2
FASE 4 (Extrao): Processando item 51/52. Origem: Tabela 2, Linha 5, Coluna 3
FASE 4 (Extrao): Processando item 52/52. Origem: Tabela 2, Linha 5, Coluna 4

FASE 4: Extrao de todos os fatos e imagens concluda.
FASE 4: Total de 8 pontos de dados coletados para o dossi final.
FASE 4: Dossi consolidado. Enviando para anlise final de contradies...
--- FASE 4: Anlise Global e Multimodal CONCLUDA ---
 Documento revisado salvo em: C:\Users\Danilo\Downloads\dossel_project\media\saida\documento_teste_erros_contradicoes_OyQS7E1\documento_teste_erros_contradicoes_OyQS7E1_revisao_completa.docx
 Planilha de resultados detalhada salva em: C:\Users\Danilo\Downloads\dossel_project\media\saida\documento_teste_erros_contradicoes_OyQS7E1\avaliacao_completa.xlsx
 Relatrio tcnico salvo em: C:\Users\Danilo\Downloads\dossel_project\media\saida\documento_teste_erros_contradicoes_OyQS7E1\relatorio_tecnico_documento_teste_erros_contradicoes_OyQS7E1.docx

 Processamento completo finalizado com sucesso.
 Concluído OK: 'Processador_Unificado.py' para 'documento_teste_erros_contradicoes_OyQS7E1.docx'
 Progresso atualizado para: 95% (ID da Revisão: 52)
 Processamento finalizado com sucesso. Gerando relatórios finais...
Atualizando planilha mestra de rastreamento...
Planilha mestra atualizada com sucesso.
Enviando planilha mestra para n.danilo@dosselambiental.com.br...
Planilha mestra enviada com sucesso.
E-mail de conclusão enviado com sucesso para n.danilo@dosselambiental.com.br.
 Progresso atualizado para: 100% (ID da Revisão: 52)
 Gerenciador finalizou a execução.
