Process SpawnPoolWorker-1:
Traceback (most recent call last):
  File "C:\Users\Danilo\AppData\Local\Programs\Python\Python313\Lib\multiprocessing\process.py", line 313, in _bootstrap
    self.run()
    ~~~~~~~~^^
  File "C:\Users\Danilo\AppData\Local\Programs\Python\Python313\Lib\multiprocessing\process.py", line 108, in run
    self._target(*self._args, **self._kwargs)
    ~~~~~~~~~~~~^^^^^^^^^^^^^^^^^^^^^^^^^^^^^
  File "C:\Users\Danilo\AppData\Local\Programs\Python\Python313\Lib\multiprocessing\pool.py", line 125, in worker
    result = (True, func(*args, **kwds))
                    ~~~~^^^^^^^^^^^^^^^
  File "C:\Users\Danilo\Downloads\dossel_project\Scripts\Gerenciador_Revisores_Estruturados.py", line 170, in rodar_script
    resultado = subprocess.run(comando, capture_output=True, text=True, encoding="utf-8", errors="ignore")
  File "C:\Users\Danilo\AppData\Local\Programs\Python\Python313\Lib\subprocess.py", line 556, in run
    stdout, stderr = process.communicate(input, timeout=timeout)
                     ~~~~~~~~~~~~~~~~~~~^^^^^^^^^^^^^^^^^^^^^^^^
  File "C:\Users\Danilo\AppData\Local\Programs\Python\Python313\Lib\subprocess.py", line 1222, in communicate
    stdout, stderr = self._communicate(input, endtime, timeout)
                     ~~~~~~~~~~~~~~~~~^^^^^^^^^^^^^^^^^^^^^^^^^
  File "C:\Users\Danilo\AppData\Local\Programs\Python\Python313\Lib\subprocess.py", line 1644, in _communicate
    self.stdout_thread.join(self._remaining_time(endtime))
    ~~~~~~~~~~~~~~~~~~~~~~~^^^^^^^^^^^^^^^^^^^^^^^^^^^^^^^
  File "C:\Users\Danilo\AppData\Local\Programs\Python\Python313\Lib\threading.py", line 1094, in join
    self._handle.join(timeout)
    ~~~~~~~~~~~~~~~~~^^^^^^^^^
KeyboardInterrupt
Process SpawnPoolWorker-2:
Traceback (most recent call last):
  File "C:\Users\Danilo\AppData\Local\Programs\Python\Python313\Lib\multiprocessing\process.py", line 313, in _bootstrap
    self.run()
    ~~~~~~~~^^
  File "C:\Users\Danilo\AppData\Local\Programs\Python\Python313\Lib\multiprocessing\process.py", line 108, in run
    self._target(*self._args, **self._kwargs)
    ~~~~~~~~~~~~^^^^^^^^^^^^^^^^^^^^^^^^^^^^^
  File "C:\Users\Danilo\AppData\Local\Programs\Python\Python313\Lib\multiprocessing\pool.py", line 114, in worker
    task = get()
  File "C:\Users\Danilo\AppData\Local\Programs\Python\Python313\Lib\multiprocessing\queues.py", line 385, in get
    res = self._reader.recv_bytes()
  File "C:\Users\Danilo\AppData\Local\Programs\Python\Python313\Lib\multiprocessing\connection.py", line 216, in recv_bytes
    buf = self._recv_bytes(maxlength)
  File "C:\Users\Danilo\AppData\Local\Programs\Python\Python313\Lib\multiprocessing\connection.py", line 321, in _recv_bytes
    waitres = _winapi.WaitForMultipleObjects(
        [ov.event], False, INFINITE)
KeyboardInterrupt
Traceback (most recent call last):
  File "<string>", line 1, in <module>
    from multiprocessing.spawn import spawn_main; spawn_main(parent_pid=16496, pipe_handle=448)
                                                  ~~~~~~~~~~^^^^^^^^^^^^^^^^^^^^^^^^^^^^^^^^^^^
  File "C:\Users\Danilo\AppData\Local\Programs\Python\Python313\Lib\multiprocessing\spawn.py", line 108, in spawn_main
    source_process = _winapi.OpenProcess(
        _winapi.SYNCHRONIZE | _winapi.PROCESS_DUP_HANDLE,
        False, parent_pid)
OSError: [WinError 87] Parâmetro incorreto
