Traceback (most recent call last):
  File "C:\Users\Danilo\OneDrive\Área de Trabalho\Revisor de texto\Edição separada\revisor final\dossel_project\Scripts\Gerenciador_Revisores_Estruturados.py", line 246, in main
    print(f"\U0001f4c4 Arquivo '{nome_arquivo_original}' copiado para a pasta '{PASTA_ENTRADA}'.")
    ~~~~~^^^^^^^^^^^^^^^^^^^^^^^^^^^^^^^^^^^^^^^^^^^^^^^^^^^^^^^^^^^^^^^^^^^^^^^^^^^^^^^^^
  File "C:\Users\Danilo\AppData\Local\Programs\Python\Python313\Lib\encodings\cp1252.py", line 19, in encode
    return codecs.charmap_encode(input,self.errors,encoding_table)[0]
           ~~~~~~~~~~~~~~~~~~~~~^^^^^^^^^^^^^^^^^^^^^^^^^^^^^^^^^^
UnicodeEncodeError: 'charmap' codec can't encode character '\U0001f4c4' in position 0: character maps to <undefined>

During handling of the above exception, another exception occurred:

Traceback (most recent call last):
  File "C:\Users\Danilo\OneDrive\Área de Trabalho\Revisor de texto\Edição separada\revisor final\dossel_project\Scripts\Gerenciador_Revisores_Estruturados.py", line 335, in <module>
    main()
    ~~~~^^
  File "C:\Users\Danilo\OneDrive\Área de Trabalho\Revisor de texto\Edição separada\revisor final\dossel_project\Scripts\Gerenciador_Revisores_Estruturados.py", line 248, in main
    print(f"\u274c Falha ao copiar o arquivo para a pasta de entrada: {e}")
    ~~~~~^^^^^^^^^^^^^^^^^^^^^^^^^^^^^^^^^^^^^^^^^^^^^^^^^^^^^^^^^^^^^^
  File "C:\Users\Danilo\AppData\Local\Programs\Python\Python313\Lib\encodings\cp1252.py", line 19, in encode
    return codecs.charmap_encode(input,self.errors,encoding_table)[0]
           ~~~~~~~~~~~~~~~~~~~~~^^^^^^^^^^^^^^^^^^^^^^^^^^^^^^^^^^
UnicodeEncodeError: 'charmap' codec can't encode character '\u274c' in position 0: character maps to <undefined>
